\BOOKMARK [-1][-]{part.1}{I Analyse}{}% 1
\BOOKMARK [0][-]{chapter.1}{Analyse du contexte}{part.1}% 2
\BOOKMARK [0][-]{chapter.2}{Analyse des besoins fonctionnels}{part.1}% 3
\BOOKMARK [0][-]{chapter.3}{Analyse des besoins non fonctionnels}{part.1}% 4
\BOOKMARK [1][-]{section.3.1}{Contraintes techniques}{chapter.3}% 5
\BOOKMARK [1][-]{section.3.2}{Contraintes ergonomiques}{chapter.3}% 6
\BOOKMARK [0][-]{chapter.4}{Sc\351narios des cas d'utilisations}{part.1}% 7
\BOOKMARK [1][-]{section.4.1}{Sc\351narios utilisateur non connect\351}{chapter.4}% 8
\BOOKMARK [2][-]{subsection.4.1.1}{S'inscrire sur le site}{section.4.1}% 9
\BOOKMARK [2][-]{subsection.4.1.2}{Se connecter}{section.4.1}% 10
\BOOKMARK [1][-]{section.4.2}{Sc\351narios utilisateur}{chapter.4}% 11
\BOOKMARK [2][-]{subsection.4.2.1}{Publier un article}{section.4.2}% 12
\BOOKMARK [2][-]{subsection.4.2.2}{Modifier un article}{section.4.2}% 13
\BOOKMARK [1][-]{section.4.3}{Sc\351narios administrateur}{chapter.4}% 14
\BOOKMARK [2][-]{subsection.4.3.1}{Ajouter un menu/sous-menu}{section.4.3}% 15
\BOOKMARK [2][-]{subsection.4.3.2}{Acc\351der \340 l'interface d'administration}{section.4.3}% 16
\BOOKMARK [2][-]{subsection.4.3.3}{Ajouter un sponsor}{section.4.3}% 17
\BOOKMARK [2][-]{subsection.4.3.4}{Ajouter une publication}{section.4.3}% 18
\BOOKMARK [2][-]{subsection.4.3.5}{Refuser un article}{section.4.3}% 19
\BOOKMARK [2][-]{subsection.4.3.6}{Valider un article}{section.4.3}% 20
\BOOKMARK [-1][-]{part.2}{II Rapport technique}{}% 21
\BOOKMARK [0][-]{chapter.5}{Conception}{part.2}% 22
\BOOKMARK [1][-]{section.5.1}{Pr\351sentation des choix technologiques}{chapter.5}% 23
\BOOKMARK [2][-]{subsection.5.1.1}{Langages de programmation}{section.5.1}% 24
\BOOKMARK [2][-]{subsection.5.1.2}{Langages de structuration des donn\351es}{section.5.1}% 25
\BOOKMARK [2][-]{subsection.5.1.3}{Langages de configuration}{section.5.1}% 26
\BOOKMARK [1][-]{section.5.2}{Framework et outils int\351gr\351s}{chapter.5}% 27
\BOOKMARK [1][-]{section.5.3}{Description des fonctionnalit\351s}{chapter.5}% 28
\BOOKMARK [2][-]{subsection.5.3.1}{Cr\351ation d'une publication}{section.5.3}% 29
\BOOKMARK [2][-]{subsection.5.3.2}{Administration g\351n\351rale}{section.5.3}% 30
\BOOKMARK [2][-]{subsection.5.3.3}{Gestion des articles}{section.5.3}% 31
\BOOKMARK [2][-]{subsection.5.3.4}{Gestion des menus/sous-menus}{section.5.3}% 32
\BOOKMARK [2][-]{subsection.5.3.5}{Gestion des utilisateurs}{section.5.3}% 33
\BOOKMARK [2][-]{subsection.5.3.6}{Gestion des sponsors}{section.5.3}% 34
\BOOKMARK [0][-]{chapter.6}{R\351sultats et perspectives}{part.2}% 35
\BOOKMARK [1][-]{section.6.1}{R\351sultats}{chapter.6}% 36
\BOOKMARK [2][-]{subsection.6.1.1}{Vitrine}{section.6.1}% 37
\BOOKMARK [2][-]{subsection.6.1.2}{Inscription d'un membre}{section.6.1}% 38
\BOOKMARK [2][-]{subsection.6.1.3}{Gestion des articles/sponsors}{section.6.1}% 39
\BOOKMARK [2][-]{subsection.6.1.4}{Gestion des cat\351gories/produits}{section.6.1}% 40
\BOOKMARK [1][-]{section.6.2}{Perspectives}{chapter.6}% 41
\BOOKMARK [2][-]{subsection.6.2.1}{Boutique}{section.6.2}% 42
\BOOKMARK [2][-]{subsection.6.2.2}{Gestion d'\351quipes}{section.6.2}% 43
\BOOKMARK [2][-]{subsection.6.2.3}{Gestion des membres/inscription}{section.6.2}% 44
\BOOKMARK [-1][-]{part.3}{III Rapport d'activit\351}{}% 45
\BOOKMARK [-1][-]{part.4}{IV Manuel d'utilisation}{}% 46
\BOOKMARK [0][-]{chapter.7}{Acc\351der \340 l'interface d'administration}{part.4}% 47
\BOOKMARK [0][-]{chapter.8}{Administration des publications}{part.4}% 48
\BOOKMARK [0][-]{chapter.9}{Administration des sponsors}{part.4}% 49
\BOOKMARK [0][-]{appendix.A}{Script SQL phpmyadmin}{part.4}% 50
\BOOKMARK [0][-]{appendix.B}{Diagramme des classes}{part.4}% 51
